<?xml version="1.0" encoding="UTF-8"?>
<testsuites>
  <testsuite name="HkDevs\CodeForgeStudio\Tests\Unit\CodeForgeStudioPluginTest" file="D:\works\codeforge-database-studio\package\codeforge\tests\Unit\CodeForgeStudioPluginTest.php" tests="21" assertions="88" errors="0" failures="0" skipped="0" time="2.337182">
    <testcase name="test_smart_seeding_controls_related_pages_and_resources" file="D:\works\codeforge-database-studio\package\codeforge\tests\Unit\CodeForgeStudioPluginTest.php" line="475" class="HkDevs\CodeForgeStudio\Tests\Unit\CodeForgeStudioPluginTest" classname="HkDevs.CodeForgeStudio.Tests.Unit.CodeForgeStudioPluginTest" assertions="5" time="1.615692"/>
    <testcase name="test_register_method_with_all_features_disabled" file="D:\works\codeforge-database-studio\package\codeforge\tests\Unit\CodeForgeStudioPluginTest.php" line="216" class="HkDevs\CodeForgeStudio\Tests\Unit\CodeForgeStudioPluginTest" classname="HkDevs.CodeForgeStudio.Tests.Unit.CodeForgeStudioPluginTest" assertions="3" time="0.011625"/>
    <testcase name="test_enable_documentation_generator_method" file="D:\works\codeforge-database-studio\package\codeforge\tests\Unit\CodeForgeStudioPluginTest.php" line="140" class="HkDevs\CodeForgeStudio\Tests\Unit\CodeForgeStudioPluginTest" classname="HkDevs.CodeForgeStudio.Tests.Unit.CodeForgeStudioPluginTest" assertions="2" time="0.041401"/>
    <testcase name="test_enable_smart_seeding_method" file="D:\works\codeforge-database-studio\package\codeforge\tests\Unit\CodeForgeStudioPluginTest.php" line="128" class="HkDevs\CodeForgeStudio\Tests\Unit\CodeForgeStudioPluginTest" classname="HkDevs.CodeForgeStudio.Tests.Unit.CodeForgeStudioPluginTest" assertions="2" time="0.011555"/>
    <testcase name="test_fluent_interface_chaining" file="D:\works\codeforge-database-studio\package\codeforge\tests\Unit\CodeForgeStudioPluginTest.php" line="305" class="HkDevs\CodeForgeStudio\Tests\Unit\CodeForgeStudioPluginTest" classname="HkDevs.CodeForgeStudio.Tests.Unit.CodeForgeStudioPluginTest" assertions="1" time="0.012371"/>
    <testcase name="test_boot_method_exists_and_can_be_called" file="D:\works\codeforge-database-studio\package\codeforge\tests\Unit\CodeForgeStudioPluginTest.php" line="295" class="HkDevs\CodeForgeStudio\Tests\Unit\CodeForgeStudioPluginTest" classname="HkDevs.CodeForgeStudio.Tests.Unit.CodeForgeStudioPluginTest" assertions="0" time="0.010805"/>
    <testcase name="test_enable_migration_manager_method" file="D:\works\codeforge-database-studio\package\codeforge\tests\Unit\CodeForgeStudioPluginTest.php" line="104" class="HkDevs\CodeForgeStudio\Tests\Unit\CodeForgeStudioPluginTest" classname="HkDevs.CodeForgeStudio.Tests.Unit.CodeForgeStudioPluginTest" assertions="2" time="0.010144"/>
    <testcase name="test_health_monitoring_controls_related_pages_and_resources" file="D:\works\codeforge-database-studio\package\codeforge\tests\Unit\CodeForgeStudioPluginTest.php" line="439" class="HkDevs\CodeForgeStudio\Tests\Unit\CodeForgeStudioPluginTest" classname="HkDevs.CodeForgeStudio.Tests.Unit.CodeForgeStudioPluginTest" assertions="4" time="0.010106"/>
    <testcase name="test_plugin_implements_plugin_interface" file="D:\works\codeforge-database-studio\package\codeforge\tests\Unit\CodeForgeStudioPluginTest.php" line="40" class="HkDevs\CodeForgeStudio\Tests\Unit\CodeForgeStudioPluginTest" classname="HkDevs.CodeForgeStudio.Tests.Unit.CodeForgeStudioPluginTest" assertions="2" time="0.011013"/>
    <testcase name="test_register_method_with_all_features_enabled" file="D:\works\codeforge-database-studio\package\codeforge\tests\Unit\CodeForgeStudioPluginTest.php" line="152" class="HkDevs\CodeForgeStudio\Tests\Unit\CodeForgeStudioPluginTest" classname="HkDevs.CodeForgeStudio.Tests.Unit.CodeForgeStudioPluginTest" assertions="20" time="0.011157"/>
    <testcase name="test_always_includes_database_overview_page" file="D:\works\codeforge-database-studio\package\codeforge\tests\Unit\CodeForgeStudioPluginTest.php" line="366" class="HkDevs\CodeForgeStudio\Tests\Unit\CodeForgeStudioPluginTest" classname="HkDevs.CodeForgeStudio.Tests.Unit.CodeForgeStudioPluginTest" assertions="2" time="0.043704"/>
    <testcase name="test_plugin_has_correct_id" file="D:\works\codeforge-database-studio\package\codeforge\tests\Unit\CodeForgeStudioPluginTest.php" line="47" class="HkDevs\CodeForgeStudio\Tests\Unit\CodeForgeStudioPluginTest" classname="HkDevs.CodeForgeStudio.Tests.Unit.CodeForgeStudioPluginTest" assertions="1" time="0.011503"/>
    <testcase name="test_enable_schema_designer_method" file="D:\works\codeforge-database-studio\package\codeforge\tests\Unit\CodeForgeStudioPluginTest.php" line="87" class="HkDevs\CodeForgeStudio\Tests\Unit\CodeForgeStudioPluginTest" classname="HkDevs.CodeForgeStudio.Tests.Unit.CodeForgeStudioPluginTest" assertions="3" time="0.010668"/>
    <testcase name="test_enable_health_monitoring_method" file="D:\works\codeforge-database-studio\package\codeforge\tests\Unit\CodeForgeStudioPluginTest.php" line="116" class="HkDevs\CodeForgeStudio\Tests\Unit\CodeForgeStudioPluginTest" classname="HkDevs.CodeForgeStudio.Tests.Unit.CodeForgeStudioPluginTest" assertions="2" time="0.009459"/>
    <testcase name="test_page_classes_exist" file="D:\works\codeforge-database-studio\package\codeforge\tests\Unit\CodeForgeStudioPluginTest.php" line="319" class="HkDevs\CodeForgeStudio\Tests\Unit\CodeForgeStudioPluginTest" classname="HkDevs.CodeForgeStudio.Tests.Unit.CodeForgeStudioPluginTest" assertions="11" time="0.415503"/>
    <testcase name="test_register_method_with_only_schema_designer_enabled" file="D:\works\codeforge-database-studio\package\codeforge\tests\Unit\CodeForgeStudioPluginTest.php" line="254" class="HkDevs\CodeForgeStudio\Tests\Unit\CodeForgeStudioPluginTest" classname="HkDevs.CodeForgeStudio.Tests.Unit.CodeForgeStudioPluginTest" assertions="3" time="0.010202"/>
    <testcase name="test_default_feature_states" file="D:\works\codeforge-database-studio\package\codeforge\tests\Unit\CodeForgeStudioPluginTest.php" line="60" class="HkDevs\CodeForgeStudio\Tests\Unit\CodeForgeStudioPluginTest" classname="HkDevs.CodeForgeStudio.Tests.Unit.CodeForgeStudioPluginTest" assertions="5" time="0.008903"/>
    <testcase name="test_migration_manager_controls_generator_pages" file="D:\works\codeforge-database-studio\package\codeforge\tests\Unit\CodeForgeStudioPluginTest.php" line="397" class="HkDevs\CodeForgeStudio\Tests\Unit\CodeForgeStudioPluginTest" classname="HkDevs.CodeForgeStudio.Tests.Unit.CodeForgeStudioPluginTest" assertions="7" time="0.010137"/>
    <testcase name="test_plugin_can_be_created_via_make_method" file="D:\works\codeforge-database-studio\package\codeforge\tests\Unit\CodeForgeStudioPluginTest.php" line="53" class="HkDevs\CodeForgeStudio\Tests\Unit\CodeForgeStudioPluginTest" classname="HkDevs.CodeForgeStudio.Tests.Unit.CodeForgeStudioPluginTest" assertions="1" time="0.009468"/>
    <testcase name="test_documentation_generator_controls_related_pages_and_resources" file="D:\works\codeforge-database-studio\package\codeforge\tests\Unit\CodeForgeStudioPluginTest.php" line="512" class="HkDevs\CodeForgeStudio\Tests\Unit\CodeForgeStudioPluginTest" classname="HkDevs.CodeForgeStudio.Tests.Unit.CodeForgeStudioPluginTest" assertions="4" time="0.009677"/>
    <testcase name="test_resource_classes_exist" file="D:\works\codeforge-database-studio\package\codeforge\tests\Unit\CodeForgeStudioPluginTest.php" line="344" class="HkDevs\CodeForgeStudio\Tests\Unit\CodeForgeStudioPluginTest" classname="HkDevs.CodeForgeStudio.Tests.Unit.CodeForgeStudioPluginTest" assertions="8" time="0.052090"/>
  </testsuite>
</testsuites>
