<?xml version="1.0" encoding="UTF-8"?>
<testsuites>
  <testsuite name="HkDevs\CodeForgeStudio\Tests\Unit\CodeForgeStudioServiceProviderTest" file="D:\works\codeforge-database-studio\package\codeforge\tests\Unit\CodeForgeStudioServiceProviderTest.php" tests="18" assertions="119" errors="0" failures="0" skipped="0" time="2.384159">
    <testcase name="test_widget_classes_exist" file="D:\works\codeforge-database-studio\package\codeforge\tests\Unit\CodeForgeStudioServiceProviderTest.php" line="318" class="HkDevs\CodeForgeStudio\Tests\Unit\CodeForgeStudioServiceProviderTest" classname="HkDevs.CodeForgeStudio.Tests.Unit.CodeForgeStudioServiceProviderTest" assertions="9" time="0.565577"/>
    <testcase name="test_views_are_loaded" file="D:\works\codeforge-database-studio\package\codeforge\tests\Unit\CodeForgeStudioServiceProviderTest.php" line="153" class="HkDevs\CodeForgeStudio\Tests\Unit\CodeForgeStudioServiceProviderTest" classname="HkDevs.CodeForgeStudio.Tests.Unit.CodeForgeStudioServiceProviderTest" assertions="2" time="0.255390"/>
    <testcase name="test_livewire_components_are_registered" file="D:\works\codeforge-database-studio\package\codeforge\tests\Unit\CodeForgeStudioServiceProviderTest.php" line="227" class="HkDevs\CodeForgeStudio\Tests\Unit\CodeForgeStudioServiceProviderTest" classname="HkDevs.CodeForgeStudio.Tests.Unit.CodeForgeStudioServiceProviderTest" assertions="19" time="0.010367"/>
    <testcase name="test_event_listeners_are_registered" file="D:\works\codeforge-database-studio\package\codeforge\tests\Unit\CodeForgeStudioServiceProviderTest.php" line="217" class="HkDevs\CodeForgeStudio\Tests\Unit\CodeForgeStudioServiceProviderTest" classname="HkDevs.CodeForgeStudio.Tests.Unit.CodeForgeStudioServiceProviderTest" assertions="1" time="0.090288"/>
    <testcase name="test_service_provider_can_be_instantiated" file="D:\works\codeforge-database-studio\package\codeforge\tests\Unit\CodeForgeStudioServiceProviderTest.php" line="58" class="HkDevs\CodeForgeStudio\Tests\Unit\CodeForgeStudioServiceProviderTest" classname="HkDevs.CodeForgeStudio.Tests.Unit.CodeForgeStudioServiceProviderTest" assertions="1" time="0.033846"/>
    <testcase name="test_service_provider_boots_without_errors" file="D:\works\codeforge-database-studio\package\codeforge\tests\Unit\CodeForgeStudioServiceProviderTest.php" line="299" class="HkDevs\CodeForgeStudio\Tests\Unit\CodeForgeStudioServiceProviderTest" classname="HkDevs.CodeForgeStudio.Tests.Unit.CodeForgeStudioServiceProviderTest" assertions="0" time="0.010905"/>
    <testcase name="test_all_services_are_registered_as_singletons" file="D:\works\codeforge-database-studio\package\codeforge\tests\Unit\CodeForgeStudioServiceProviderTest.php" line="74" class="HkDevs\CodeForgeStudio\Tests\Unit\CodeForgeStudioServiceProviderTest" classname="HkDevs.CodeForgeStudio.Tests.Unit.CodeForgeStudioServiceProviderTest" assertions="26" time="0.590928"/>
    <testcase name="test_publishable_assets_are_configured" file="D:\works\codeforge-database-studio\package\codeforge\tests\Unit\CodeForgeStudioServiceProviderTest.php" line="262" class="HkDevs\CodeForgeStudio\Tests\Unit\CodeForgeStudioServiceProviderTest" classname="HkDevs.CodeForgeStudio.Tests.Unit.CodeForgeStudioServiceProviderTest" assertions="1" time="0.010632"/>
    <testcase name="test_package_dependencies_are_available" file="D:\works\codeforge-database-studio\package\codeforge\tests\Unit\CodeForgeStudioServiceProviderTest.php" line="274" class="HkDevs\CodeForgeStudio\Tests\Unit\CodeForgeStudioServiceProviderTest" classname="HkDevs.CodeForgeStudio.Tests.Unit.CodeForgeStudioServiceProviderTest" assertions="2" time="0.622989"/>
    <testcase name="test_command_classes_exist" file="D:\works\codeforge-database-studio\package\codeforge\tests\Unit\CodeForgeStudioServiceProviderTest.php" line="341" class="HkDevs\CodeForgeStudio\Tests\Unit\CodeForgeStudioServiceProviderTest" classname="HkDevs.CodeForgeStudio.Tests.Unit.CodeForgeStudioServiceProviderTest" assertions="11" time="0.012281"/>
    <testcase name="test_routes_are_loaded" file="D:\works\codeforge-database-studio\package\codeforge\tests\Unit\CodeForgeStudioServiceProviderTest.php" line="176" class="HkDevs\CodeForgeStudio\Tests\Unit\CodeForgeStudioServiceProviderTest" classname="HkDevs.CodeForgeStudio.Tests.Unit.CodeForgeStudioServiceProviderTest" assertions="1" time="0.009301"/>
    <testcase name="test_configuration_structure" file="D:\works\codeforge-database-studio\package\codeforge\tests\Unit\CodeForgeStudioServiceProviderTest.php" line="284" class="HkDevs\CodeForgeStudio\Tests\Unit\CodeForgeStudioServiceProviderTest" classname="HkDevs.CodeForgeStudio.Tests.Unit.CodeForgeStudioServiceProviderTest" assertions="6" time="0.034656"/>
    <testcase name="test_migrations_are_loaded" file="D:\works\codeforge-database-studio\package\codeforge\tests\Unit\CodeForgeStudioServiceProviderTest.php" line="132" class="HkDevs\CodeForgeStudio\Tests\Unit\CodeForgeStudioServiceProviderTest" classname="HkDevs.CodeForgeStudio.Tests.Unit.CodeForgeStudioServiceProviderTest" assertions="1" time="0.069114"/>
    <testcase name="test_config_is_merged_correctly" file="D:\works\codeforge-database-studio\package\codeforge\tests\Unit\CodeForgeStudioServiceProviderTest.php" line="64" class="HkDevs\CodeForgeStudio\Tests\Unit\CodeForgeStudioServiceProviderTest" classname="HkDevs.CodeForgeStudio.Tests.Unit.CodeForgeStudioServiceProviderTest" assertions="2" time="0.027938"/>
    <testcase name="test_service_classes_exist" file="D:\works\codeforge-database-studio\package\codeforge\tests\Unit\CodeForgeStudioServiceProviderTest.php" line="366" class="HkDevs\CodeForgeStudio\Tests\Unit\CodeForgeStudioServiceProviderTest" classname="HkDevs.CodeForgeStudio.Tests.Unit.CodeForgeStudioServiceProviderTest" assertions="13" time="0.009821"/>
    <testcase name="test_services_can_be_resolved" file="D:\works\codeforge-database-studio\package\codeforge\tests\Unit\CodeForgeStudioServiceProviderTest.php" line="105" class="HkDevs\CodeForgeStudio\Tests\Unit\CodeForgeStudioServiceProviderTest" classname="HkDevs.CodeForgeStudio.Tests.Unit.CodeForgeStudioServiceProviderTest" assertions="13" time="0.010921"/>
    <testcase name="test_service_provider_registers_without_errors" file="D:\works\codeforge-database-studio\package\codeforge\tests\Unit\CodeForgeStudioServiceProviderTest.php" line="309" class="HkDevs\CodeForgeStudio\Tests\Unit\CodeForgeStudioServiceProviderTest" classname="HkDevs.CodeForgeStudio.Tests.Unit.CodeForgeStudioServiceProviderTest" assertions="0" time="0.008634"/>
    <testcase name="test_commands_are_registered_in_console" file="D:\works\codeforge-database-studio\package\codeforge\tests\Unit\CodeForgeStudioServiceProviderTest.php" line="186" class="HkDevs\CodeForgeStudio\Tests\Unit\CodeForgeStudioServiceProviderTest" classname="HkDevs.CodeForgeStudio.Tests.Unit.CodeForgeStudioServiceProviderTest" assertions="11" time="0.010571"/>
  </testsuite>
</testsuites>
